<?xml version="1.0" encoding="UTF-8"?>
<!-- Generated by org.testng.reporters.JUnitReportReporter -->
<testsuite hostname="Uttamchandani-PC" failures="0" tests="1" name="com.test.TestCases" time="0.018" errors="0" timestamp="2023-01-16T15:54:32 IST" skipped="0">
  <testcase classname="com.test.TestCases" name="test1" time="0.018"/>
  <system-out/>
</testsuite> <!-- com.test.TestCases -->
