<?xml version="1.0" encoding="UTF-8"?>
<!-- Generated by org.testng.reporters.JUnitReportReporter -->
<testsuite hostname="Uttamchandani-PC" failures="0" tests="1" name="com.test.TestCases" time="0.029" errors="0" timestamp="27 Jan 2024 15:53:33 GMT">
  <testcase classname="com.test.TestCases" name="test1" time="0.029"/>
</testsuite> <!-- com.test.TestCases -->
